yarn run v1.22.21
warning ..\package.json: No license field
$ storybook build --output-dir C:\Users\박시형\AppData\Local\Temp\chromatic--14028-SUk60VxAOgxN
@storybook/cli v7.6.6

info => Cleaning outputDir: C:\Users\박시형\AppData\Local\Temp\chromatic--14028-SUk60VxAOgxN
info => Loading presets
info => Building manager..
info => Manager built (203 ms)
info => Building preview..
info => Copying static files: C:\Users\박시형\taskbox\node_modules\@storybook\manager\static at C:\Users\박시형\AppData\Local\Temp\chromatic--14028-SUk60VxAOgxN\sb-common-assets
info => Copying static files: C:\Users\박시형\taskbox\public at C:\Users\박시형\AppData\Local\Temp\chromatic--14028-SUk60VxAOgxN\
[36mvite v4.5.1 [32mbuilding for production...[36m[39m

./sb-common-assets/fonts.css doesn't exist at build time, it will remain unchanged to be resolved at runtime
transforming...
node_modules/telejson/dist/index.mjs (1413:15) Use of eval in "node_modules/telejson/dist/index.mjs" is strongly discouraged as it poses security risks and may cause issues with minification.
node_modules/telejson/dist/index.mjs (1416:18) Use of eval in "node_modules/telejson/dist/index.mjs" is strongly discouraged as it poses security risks and may cause issues with minification.
[32m✓[39m 855 modules transformed.
rendering chunks...
computing gzip size...
[2m../AppData/Local/Temp/chromatic--14028-SUk60VxAOgxN/[22m[32massets/direction-94a9917f.svg                  [39m[1m[2m  1.28 kB[22m[1m[22m[2m │ gzip:   0.70 kB[22m
[2m../AppData/Local/Temp/chromatic--14028-SUk60VxAOgxN/[22m[32massets/flow-275142c6.svg                       [39m[1m[2m  1.39 kB[22m[1m[22m[2m │ gzip:   0.68 kB[22m
[2m../AppData/Local/Temp/chromatic--14028-SUk60VxAOgxN/[22m[32massets/code-brackets-9ef6443e.svg              [39m[1m[2m  1.46 kB[22m[1m[22m[2m │ gzip:   0.70 kB[22m
[2m../AppData/Local/Temp/chromatic--14028-SUk60VxAOgxN/[22m[32massets/comments-f15a6837.svg                   [39m[1m[2m  1.53 kB[22m[1m[22m[2m │ gzip:   0.70 kB[22m
[2m../AppData/Local/Temp/chromatic--14028-SUk60VxAOgxN/[22m[32massets/repo-fb4ece47.svg                       [39m[1m[2m  1.64 kB[22m[1m[22m[2m │ gzip:   0.82 kB[22m
[2m../AppData/Local/Temp/chromatic--14028-SUk60VxAOgxN/[22m[32massets/plugin-57148314.svg                     [39m[1m[2m  2.17 kB[22m[1m[22m[2m │ gzip:   0.96 kB[22m
[2m../AppData/Local/Temp/chromatic--14028-SUk60VxAOgxN/[22m[32massets/stackalt-2ad81543.svg                   [39m[1m[2m  2.55 kB[22m[1m[22m[2m │ gzip:   1.06 kB[22m
[2m../AppData/Local/Temp/chromatic--14028-SUk60VxAOgxN/[22m[32massets/colors-ac9401f3.svg                     [39m[1m[2m  8.51 kB[22m[1m[22m[2m │ gzip:   3.42 kB[22m
[2m../AppData/Local/Temp/chromatic--14028-SUk60VxAOgxN/[22m[32miframe.html                                    [39m[1m[2m 12.79 kB[22m[1m[22m[2m │ gzip:   3.59 kB[22m
[2m../AppData/Local/Temp/chromatic--14028-SUk60VxAOgxN/[22m[32massets/percolate-dac75269.ttf                  [39m[1m[2m 34.04 kB[22m[1m[22m
[2m../AppData/Local/Temp/chromatic--14028-SUk60VxAOgxN/[22m[32massets/percolate-ec979d96.woff                 [39m[1m[2m 34.11 kB[22m[1m[22m
[2m../AppData/Local/Temp/chromatic--14028-SUk60VxAOgxN/[22m[32massets/percolate-5ed633c2.eot                  [39m[1m[2m 34.21 kB[22m[1m[22m
[2m../AppData/Local/Temp/chromatic--14028-SUk60VxAOgxN/[22m[32massets/percolate-d13fa91b.svg                  [39m[1m[2m140.51 kB[22m[1m[22m[2m │ gzip:  46.93 kB[22m
[2m../AppData/Local/Temp/chromatic--14028-SUk60VxAOgxN/[22m[35massets/Header-e719f21b.css                     [39m[1m[2m  0.43 kB[22m[1m[22m[2m │ gzip:   0.29 kB[22m
[2m../AppData/Local/Temp/chromatic--14028-SUk60VxAOgxN/[22m[35massets/Button-bc1a867b.css                     [39m[1m[2m  0.52 kB[22m[1m[22m[2m │ gzip:   0.29 kB[22m
[2m../AppData/Local/Temp/chromatic--14028-SUk60VxAOgxN/[22m[35massets/Page.stories-62652a55.css               [39m[1m[2m  0.85 kB[22m[1m[22m[2m │ gzip:   0.38 kB[22m
[2m../AppData/Local/Temp/chromatic--14028-SUk60VxAOgxN/[22m[35massets/preview-fd288aa1.css                    [39m[1m[2m  6.96 kB[22m[1m[22m[2m │ gzip:   2.06 kB[22m
[2m../AppData/Local/Temp/chromatic--14028-SUk60VxAOgxN/[22m[36massets/index-9eea8125.js                       [39m[1m[2m  0.21 kB[22m[1m[22m[2m │ gzip:   0.17 kB[22m
[2m../AppData/Local/Temp/chromatic--14028-SUk60VxAOgxN/[22m[36massets/_commonjs-dynamic-modules-302442b1.js   [39m[1m[2m  0.24 kB[22m[1m[22m[2m │ gzip:   0.19 kB[22m
[2m../AppData/Local/Temp/chromatic--14028-SUk60VxAOgxN/[22m[36massets/WithTooltip-V3YHNWJZ-9c5aa965.js        [39m[1m[2m  0.41 kB[22m[1m[22m[2m │ gzip:   0.24 kB[22m
[2m../AppData/Local/Temp/chromatic--14028-SUk60VxAOgxN/[22m[36massets/syntaxhighlighter-V7JZZA35-6d84e58a.js  [39m[1m[2m  0.42 kB[22m[1m[22m[2m │ gzip:   0.26 kB[22m
[2m../AppData/Local/Temp/chromatic--14028-SUk60VxAOgxN/[22m[36massets/index-a1cf9e47.js                       [39m[1m[2m  0.49 kB[22m[1m[22m[2m │ gzip:   0.31 kB[22m
[2m../AppData/Local/Temp/chromatic--14028-SUk60VxAOgxN/[22m[36massets/preview-bff734b1.js                     [39m[1m[2m  0.54 kB[22m[1m[22m[2m │ gzip:   0.32 kB[22m
[2m../AppData/Local/Temp/chromatic--14028-SUk60VxAOgxN/[22m[36massets/react-18-988a5df2.js                    [39m[1m[2m  0.55 kB[22m[1m[22m[2m │ gzip:   0.34 kB[22m
[2m../AppData/Local/Temp/chromatic--14028-SUk60VxAOgxN/[22m[36massets/preview-73104b77.js                     [39m[1m[2m  0.64 kB[22m[1m[22m[2m │ gzip:   0.45 kB[22m
[2m../AppData/Local/Temp/chromatic--14028-SUk60VxAOgxN/[22m[36massets/_commonjsHelpers-de833af9.js            [39m[1m[2m  0.69 kB[22m[1m[22m[2m │ gzip:   0.38 kB[22m
[2m../AppData/Local/Temp/chromatic--14028-SUk60VxAOgxN/[22m[36massets/index-356e4a49.js                       [39m[1m[2m  0.77 kB[22m[1m[22m[2m │ gzip:   0.47 kB[22m
[2m../AppData/Local/Temp/chromatic--14028-SUk60VxAOgxN/[22m[36massets/index-8d47fad6.js                       [39m[1m[2m  0.80 kB[22m[1m[22m[2m │ gzip:   0.52 kB[22m
[2m../AppData/Local/Temp/chromatic--14028-SUk60VxAOgxN/[22m[36massets/preview-0ef86afd.js                     [39m[1m[2m  0.86 kB[22m[1m[22m[2m │ gzip:   0.55 kB[22m
[2m../AppData/Local/Temp/chromatic--14028-SUk60VxAOgxN/[22m[36massets/Header.stories-b545990c.js              [39m[1m[2m  0.87 kB[22m[1m[22m[2m │ gzip:   0.45 kB[22m
[2m../AppData/Local/Temp/chromatic--14028-SUk60VxAOgxN/[22m[36massets/jsx-runtime-03b4ddbf.js                 [39m[1m[2m  0.97 kB[22m[1m[22m[2m │ gzip:   0.60 kB[22m
[2m../AppData/Local/Temp/chromatic--14028-SUk60VxAOgxN/[22m[36massets/entry-preview-1f5c28fc.js               [39m[1m[2m  1.15 kB[22m[1m[22m[2m │ gzip:   0.67 kB[22m
[2m../AppData/Local/Temp/chromatic--14028-SUk60VxAOgxN/[22m[36massets/DocsRenderer-NNNQARDV-743b8f31.js       [39m[1m[2m  1.30 kB[22m[1m[22m[2m │ gzip:   0.69 kB[22m
[2m../AppData/Local/Temp/chromatic--14028-SUk60VxAOgxN/[22m[36massets/Button-651c4d71.js                      [39m[1m[2m  1.44 kB[22m[1m[22m[2m │ gzip:   0.66 kB[22m
[2m../AppData/Local/Temp/chromatic--14028-SUk60VxAOgxN/[22m[36massets/Button.stories-84d05c92.js              [39m[1m[2m  1.49 kB[22m[1m[22m[2m │ gzip:   0.56 kB[22m
[2m../AppData/Local/Temp/chromatic--14028-SUk60VxAOgxN/[22m[36massets/Header-9c001358.js                      [39m[1m[2m  1.65 kB[22m[1m[22m[2m │ gzip:   0.80 kB[22m
[2m../AppData/Local/Temp/chromatic--14028-SUk60VxAOgxN/[22m[36massets/Task.stories-a2d4a5e9.js                [39m[1m[2m  2.17 kB[22m[1m[22m[2m │ gzip:   0.91 kB[22m
[2m../AppData/Local/Temp/chromatic--14028-SUk60VxAOgxN/[22m[36massets/index-11d98b33.js                       [39m[1m[2m  2.59 kB[22m[1m[22m[2m │ gzip:   1.26 kB[22m
[2m../AppData/Local/Temp/chromatic--14028-SUk60VxAOgxN/[22m[36massets/InboxScreen.stories-9e903b59.js         [39m[1m[2m  2.88 kB[22m[1m[22m[2m │ gzip:   1.16 kB[22m
[2m../AppData/Local/Temp/chromatic--14028-SUk60VxAOgxN/[22m[36massets/preview-30b54f76.js                     [39m[1m[2m  3.21 kB[22m[1m[22m[2m │ gzip:   1.37 kB[22m
[2m../AppData/Local/Temp/chromatic--14028-SUk60VxAOgxN/[22m[36massets/Page.stories-a509193e.js                [39m[1m[2m  3.55 kB[22m[1m[22m[2m │ gzip:   1.56 kB[22m
[2m../AppData/Local/Temp/chromatic--14028-SUk60VxAOgxN/[22m[36massets/preview-d01b88e8.js                     [39m[1m[2m  5.23 kB[22m[1m[22m[2m │ gzip:   2.41 kB[22m
[2m../AppData/Local/Temp/chromatic--14028-SUk60VxAOgxN/[22m[36massets/iframe-2a38dbd0.js                      [39m[1m[2m  6.04 kB[22m[1m[22m[2m │ gzip:   1.90 kB[22m
[2m../AppData/Local/Temp/chromatic--14028-SUk60VxAOgxN/[22m[36massets/Introduction-f4c17882.js                [39m[1m[2m  6.65 kB[22m[1m[22m[2m │ gzip:   2.19 kB[22m
[2m../AppData/Local/Temp/chromatic--14028-SUk60VxAOgxN/[22m[36massets/index-76fb7be0.js                       [39m[1m[2m  7.16 kB[22m[1m[22m[2m │ gzip:   2.91 kB[22m
[2m../AppData/Local/Temp/chromatic--14028-SUk60VxAOgxN/[22m[36massets/preview-da31036b.js                     [39m[1m[2m  7.62 kB[22m[1m[22m[2m │ gzip:   1.55 kB[22m
[2m../AppData/Local/Temp/chromatic--14028-SUk60VxAOgxN/[22m[36massets/preview-c56bf6ac.js                     [39m[1m[2m  8.28 kB[22m[1m[22m[2m │ gzip:   3.17 kB[22m
[2m../AppData/Local/Temp/chromatic--14028-SUk60VxAOgxN/[22m[36massets/index-da07a199.js                       [39m[1m[2m 13.61 kB[22m[1m[22m[2m │ gzip:   5.13 kB[22m
[2m../AppData/Local/Temp/chromatic--14028-SUk60VxAOgxN/[22m[36massets/Color-6VNJS4EI-cae657d8.js              [39m[1m[2m 17.61 kB[22m[1m[22m[2m │ gzip:   6.77 kB[22m
[2m../AppData/Local/Temp/chromatic--14028-SUk60VxAOgxN/[22m[36massets/TaskList.stories-9076726b.js            [39m[1m[2m 31.69 kB[22m[1m[22m[2m │ gzip:  11.81 kB[22m
[2m../AppData/Local/Temp/chromatic--14028-SUk60VxAOgxN/[22m[36massets/preview-5a202dee.js                     [39m[1m[2m 34.23 kB[22m[1m[22m[2m │ gzip:  13.41 kB[22m
[2m../AppData/Local/Temp/chromatic--14028-SUk60VxAOgxN/[22m[36massets/preview-21802b0a.js                     [39m[1m[2m 72.07 kB[22m[1m[22m[2m │ gzip:  24.41 kB[22m
[2m../AppData/Local/Temp/chromatic--14028-SUk60VxAOgxN/[22m[36massets/index-8fd8397b.js                       [39m[1m[2m 78.40 kB[22m[1m[22m[2m │ gzip:  23.55 kB[22m
[2m../AppData/Local/Temp/chromatic--14028-SUk60VxAOgxN/[22m[36massets/index-d3ea75b5.js                       [39m[1m[2m134.07 kB[22m[1m[22m[2m │ gzip:  43.21 kB[22m
[2m../AppData/Local/Temp/chromatic--14028-SUk60VxAOgxN/[22m[36massets/entry-preview-docs-b427957a.js          [39m[1m[2m212.40 kB[22m[1m[22m[2m │ gzip:  66.48 kB[22m
[2m../AppData/Local/Temp/chromatic--14028-SUk60VxAOgxN/[22m[36massets/index-03d05a58.js                       [39m[1m[2m375.25 kB[22m[1m[22m[2m │ gzip: 116.12 kB[22m
[2m../AppData/Local/Temp/chromatic--14028-SUk60VxAOgxN/[22m[36massets/index-9f16e605.js                       [39m[1m[33m536.51 kB[39m[22m[2m │ gzip: 175.35 kB[22m
[2m../AppData/Local/Temp/chromatic--14028-SUk60VxAOgxN/[22m[36massets/index-02850062.js                       [39m[1m[33m559.56 kB[39m[22m[2m │ gzip: 148.31 kB[22m
[2m../AppData/Local/Temp/chromatic--14028-SUk60VxAOgxN/[22m[36massets/formatter-SWP5E3XI-f544fdd1.js          [39m[1m[33m601.61 kB[39m[22m[2m │ gzip: 186.22 kB[22m
[33m
(!) Some chunks are larger than 500 kBs after minification. Consider:
- Using dynamic import() to code-split the application
- Use build.rollupOptions.output.manualChunks to improve chunking: https://rollupjs.org/configuration-options/#output-manualchunks
- Adjust chunk size limit for this warning via build.chunkSizeWarningLimit.[39m
[32m✓ built in 13.99s[39m
info => Preview built (15 s)
info => Output directory: C:\Users\박시형\AppData\Local\Temp\chromatic--14028-SUk60VxAOgxN
Done in 18.80s.
